<?xml version="1.0" encoding="UTF-8"?>
<!-- Generated by org.testng.reporters.JUnitReportReporter -->
<testsuite hostname="DESKTOP-4128O7R" name="Restttapii.APII.NewTest" tests="1" failures="0" timestamp="19 Jul 2019 08:55:10 GMT" time="6.505" errors="0">
  <testcase name="Rest" time="6.505" classname="Restttapii.APII.NewTest"/>
</testsuite> <!-- Restttapii.APII.NewTest -->
